-------------------------------------------------------------------------------
Test set: br.ce.samuel.tests.ResumoTest
-------------------------------------------------------------------------------
Tests run: 2, Failures: 1, Errors: 0, Skipped: 0, Time elapsed: 35.697 s <<< FAILURE! - in br.ce.samuel.tests.ResumoTest
test2_resumoMensal(br.ce.samuel.tests.ResumoTest)  Time elapsed: 35.697 s  <<< FAILURE!
java.lang.AssertionError: expected:<7> but was:<6>
	at br.ce.samuel.tests.ResumoTest.test2_resumoMensal(ResumoTest.java:53)

