<?xml version="1.0" encoding="UTF-8"?>
<testsuite xmlns:xsi="http://www.w3.org/2001/XMLSchema-instance" xsi:noNamespaceSchemaLocation="https://maven.apache.org/surefire/maven-surefire-plugin/xsd/surefire-test-report-3.0.xsd" version="3.0" name="br.ce.samuel.tests.MovimentacaoTest" time="68.332" tests="3" errors="0" skipped="0" failures="0">
  <properties>
[...]
</properties>
  <testcase name="test3_InserirMovimentacaoFutura" classname="br.ce.samuel.tests.MovimentacaoTest" time="39.978"/>
  <testcase name="test2_CamposObrigatorios" classname="br.ce.samuel.tests.MovimentacaoTest" time="27.534"/>
  <testcase name="test1_InserirMovimentacao" classname="br.ce.samuel.tests.MovimentacaoTest" time="44.551"/>
</testsuite>